<?xml version="1.0" encoding="UTF-8"?>
<testsuite xmlns:xsi="http://www.w3.org/2001/XMLSchema-instance" xsi:noNamespaceSchemaLocation="https://maven.apache.org/surefire/maven-surefire-plugin/xsd/surefire-test-report.xsd" version="3.0.2" name="TestSuite" time="28.854" tests="3" errors="0" skipped="0" failures="1">
  <properties>
[...]
</properties>
  <testcase name="addToCartTest" classname="com.solvd.carina.demo.AutomationWebTest" time="3.551">
    <system-out><![CDATA[2025-04-01 19:22:08 CarinaListener [main] [INFO] 
============= Basic configuration =============
env=DEMO
=========== Encryptor configuration ===========
crypto_key_value=*****
=========== WebDriver configuration ===========
url=https://www.automationexercise.com/
browser=firefox
selenium_url=http://192.168.1.108:4444
auto_screenshot=true
localization_encoding=UTF-8
language=en_US
-------------- Driver capabilities ------------
browserName=chrome
===============================================

2025-04-01 19:22:08 TestRunRegistrar [main-1] [WARN] Reporting disabled: using no op test run registrar
2025-04-01 19:22:12 CarinaListener [main-1] [INFO] Use thread-count='1' from suite file.
2025-04-01 19:22:12 CarinaListener [main-1] [INFO] Set data-provider-thread-count=1
2025-04-01 19:22:12 CarinaListener [main-1] [INFO] CARINA_CORE_VERSION: 1.1.3
2025-04-01 19:22:12 DriverFactory [TestNG-test=TestAutomation web tests-1] [INFO] Starting driver session...
2025-04-01 19:22:14 DriverFactory [TestNG-test=TestAutomation web tests-1-29] [INFO] Driver session started.
2025-04-01 19:22:14 Messager [TestNG-test=TestAutomation web tests-1-29] [INFO] INFO: opening url 'https://www.automationexercise.com/'
2025-04-01 19:22:17 DriverListener [TestNG-test=TestAutomation web tests-1-29] [INFO] PASS: element 'acceptCookiesBtn' is clicked.
2025-04-01 19:22:17 TestRunRegistrar [TestNG-test=TestAutomation web tests-1-29] [WARN] Reporting disabled: using no op test run registrar
2025-04-01 19:22:17 Messager [TestNG-test=TestAutomation web tests-1-29] [INFO] TEST [TestAutomation web tests - addToCartTest] STARTED at [19:22:17 2025-04-01]
2025-04-01 19:22:21 Messager [TestNG-test=TestAutomation web tests-1-29] [INFO] TEST [TestAutomation web tests - addToCartTest] PASSED at [19:22:21 2025-04-01]
]]></system-out>
  </testcase>
  <testcase name="filterProductTest" classname="com.solvd.carina.demo.AutomationWebTest" time="2.125">
    <failure message="element click intercepted: Element &lt;a data-toggle=&quot;collapse&quot; data-parent=&quot;#accordian&quot; href=&quot;#Women&quot;&gt;...&lt;/a&gt; is not clickable at point (236, 669). Other element would receive the click: &lt;div id=&quot;aswift_4_host&quot; style=&quot;border: none !important; height: 90px !important; width: 100% !important; margin: 0px !important; padding: 0px !important; position: relative !important; visibility: visible !important; background-color: transparent !important; display: inline-block !important; inset: auto !important; clear: none !important; float: none !important; max-height: none !important; max-width: none !important; opacity: 1 !important; overflow: visible !important; vertical-align: baseline !important; z-index: auto !important;&quot;&gt;...&lt;/div&gt;&#10;  (Session info: chrome=134.0.6998.178)&#10;Build info: version: &apos;4.7.0&apos;, revision: &apos;0a5b49d16f&apos;&#10;System info: os.name: &apos;Windows 10&apos;, os.arch: &apos;amd64&apos;, os.version: &apos;10.0&apos;, java.version: &apos;16.0.2&apos;&#10;Driver info: org.openqa.selenium.remote.RemoteWebDriver&#10;Command: [02433dd63322a968130aaf76d00b9814, clickElement {id=f.A1191E803ED7E3AAC8ED7CCA3E9D310F.d.5878C7AED5FEA847156B8BC901F5B32B.e.336}]&#10;Capabilities {acceptInsecureCerts: true, browserName: chrome, browserVersion: 134.0.6998.178, chrome: {chromedriverVersion: 134.0.6998.88 (7e3d5c978c6d..., userDataDir: C:\Users\paula\AppData\Loca...}, fedcm:accounts: true, goog:chromeOptions: {debuggerAddress: localhost:60790}, networkConnectionEnabled: false, pageLoadStrategy: normal, platformName: Windows 10, proxy: Proxy(), se:bidiEnabled: false, se:cdp: ws://192.168.1.108:4444/ses..., se:cdpVersion: 134.0.6998.178, setWindowRect: true, strictFileInteractability: false, timeouts: {implicit: 0, pageLoad: 300000, script: 30000}, unhandledPromptBehavior: dismiss and notify, webauthn:extension:credBlob: true, webauthn:extension:largeBlob: true, webauthn:extension:minPinLength: true, webauthn:extension:prf: true, webauthn:virtualAuthenticators: true}&#10;Element: [[[[RemoteWebDriver: chrome on Windows 10 (02433dd63322a968130aaf76d00b9814)] -&gt; xpath: //div[@class=&apos;left-sidebar&apos;]]] -&gt; xpath: .//a[@href=&apos;#Women&apos;]]&#10;Session ID: 02433dd63322a968130aaf76d00b9814" type="org.openqa.selenium.ElementClickInterceptedException"><![CDATA[org.openqa.selenium.ElementClickInterceptedException: 
element click intercepted: Element <a data-toggle="collapse" data-parent="#accordian" href="#Women">...</a> is not clickable at point (236, 669). Other element would receive the click: <div id="aswift_4_host" style="border: none !important; height: 90px !important; width: 100% !important; margin: 0px !important; padding: 0px !important; position: relative !important; visibility: visible !important; background-color: transparent !important; display: inline-block !important; inset: auto !important; clear: none !important; float: none !important; max-height: none !important; max-width: none !important; opacity: 1 !important; overflow: visible !important; vertical-align: baseline !important; z-index: auto !important;">...</div>
  (Session info: chrome=134.0.6998.178)
Build info: version: '4.7.0', revision: '0a5b49d16f'
System info: os.name: 'Windows 10', os.arch: 'amd64', os.version: '10.0', java.version: '16.0.2'
Driver info: org.openqa.selenium.remote.RemoteWebDriver
Command: [02433dd63322a968130aaf76d00b9814, clickElement {id=f.A1191E803ED7E3AAC8ED7CCA3E9D310F.d.5878C7AED5FEA847156B8BC901F5B32B.e.336}]
Capabilities {acceptInsecureCerts: true, browserName: chrome, browserVersion: 134.0.6998.178, chrome: {chromedriverVersion: 134.0.6998.88 (7e3d5c978c6d..., userDataDir: C:\Users\paula\AppData\Loca...}, fedcm:accounts: true, goog:chromeOptions: {debuggerAddress: localhost:60790}, networkConnectionEnabled: false, pageLoadStrategy: normal, platformName: Windows 10, proxy: Proxy(), se:bidiEnabled: false, se:cdp: ws://192.168.1.108:4444/ses..., se:cdpVersion: 134.0.6998.178, setWindowRect: true, strictFileInteractability: false, timeouts: {implicit: 0, pageLoad: 300000, script: 30000}, unhandledPromptBehavior: dismiss and notify, webauthn:extension:credBlob: true, webauthn:extension:largeBlob: true, webauthn:extension:minPinLength: true, webauthn:extension:prf: true, webauthn:virtualAuthenticators: true}
Element: [[[[RemoteWebDriver: chrome on Windows 10 (02433dd63322a968130aaf76d00b9814)] -> xpath: //div[@class='left-sidebar']]] -> xpath: .//a[@href='#Women']]
Session ID: 02433dd63322a968130aaf76d00b9814
	at java.base/jdk.internal.reflect.NativeConstructorAccessorImpl.newInstance0(Native Method)
	at java.base/jdk.internal.reflect.NativeConstructorAccessorImpl.newInstance(NativeConstructorAccessorImpl.java:78)
	at java.base/jdk.internal.reflect.DelegatingConstructorAccessorImpl.newInstance(DelegatingConstructorAccessorImpl.java:45)
	at java.base/java.lang.reflect.Constructor.newInstanceWithCaller(Constructor.java:499)
	at java.base/java.lang.reflect.Constructor.newInstance(Constructor.java:480)
	at org.openqa.selenium.remote.codec.w3c.W3CHttpResponseCodec.createException(W3CHttpResponseCodec.java:200)
	at org.openqa.selenium.remote.codec.w3c.W3CHttpResponseCodec.decode(W3CHttpResponseCodec.java:133)
	at org.openqa.selenium.remote.codec.w3c.W3CHttpResponseCodec.decode(W3CHttpResponseCodec.java:53)
	at org.openqa.selenium.remote.HttpCommandExecutor.execute(HttpCommandExecutor.java:184)
	at com.zebrunner.carina.webdriver.listener.EventFiringSeleniumCommandExecutor.execute(EventFiringSeleniumCommandExecutor.java:52)
	at org.openqa.selenium.remote.RemoteWebDriver.execute(RemoteWebDriver.java:541)
	at org.openqa.selenium.remote.RemoteWebElement.execute(RemoteWebElement.java:257)
	at org.openqa.selenium.remote.RemoteWebElement.click(RemoteWebElement.java:78)
	at java.base/jdk.internal.reflect.NativeMethodAccessorImpl.invoke0(Native Method)
	at java.base/jdk.internal.reflect.NativeMethodAccessorImpl.invoke(NativeMethodAccessorImpl.java:78)
	at java.base/jdk.internal.reflect.DelegatingMethodAccessorImpl.invoke(DelegatingMethodAccessorImpl.java:43)
	at java.base/java.lang.reflect.Method.invoke(Method.java:567)
	at org.openqa.selenium.support.decorators.WebDriverDecorator.call(WebDriverDecorator.java:247)
	at org.openqa.selenium.support.decorators.DefaultDecorated.call(DefaultDecorated.java:48)
	at org.openqa.selenium.support.decorators.WebDriverDecorator.lambda$createProxy$0(WebDriverDecorator.java:309)
	at net.bytebuddy.renamed.java.lang.Object$ByteBuddy$xg6NXC7j.click(Unknown Source)
	at java.base/jdk.internal.reflect.NativeMethodAccessorImpl.invoke0(Native Method)
	at java.base/jdk.internal.reflect.NativeMethodAccessorImpl.invoke(NativeMethodAccessorImpl.java:78)
	at java.base/jdk.internal.reflect.DelegatingMethodAccessorImpl.invoke(DelegatingMethodAccessorImpl.java:43)
	at java.base/java.lang.reflect.Method.invoke(Method.java:567)
	at org.openqa.selenium.support.pagefactory.internal.LocatingElementHandler.invoke(LocatingElementHandler.java:52)
	at jdk.proxy2/jdk.proxy2.$Proxy88.click(Unknown Source)
	at com.zebrunner.carina.webdriver.decorator.ExtendedWebElement$3.doClick(ExtendedWebElement.java:1537)
	at com.zebrunner.carina.webdriver.decorator.ExtendedWebElement.executeAction(ExtendedWebElement.java:1397)
	at com.zebrunner.carina.webdriver.decorator.ExtendedWebElement.overrideAction(ExtendedWebElement.java:1531)
	at com.zebrunner.carina.webdriver.decorator.ExtendedWebElement.doAction(ExtendedWebElement.java:1510)
	at com.zebrunner.carina.webdriver.decorator.ExtendedWebElement.doAction(ExtendedWebElement.java:1487)
	at com.zebrunner.carina.webdriver.decorator.ExtendedWebElement.click(ExtendedWebElement.java:416)
	at com.zebrunner.carina.webdriver.decorator.ExtendedWebElement.click(ExtendedWebElement.java:406)
	at com.zebrunner.carina.webdriver.decorator.ExtendedWebElement.click(ExtendedWebElement.java:397)
	at com.solvd.carina.demo.gui.components.automation.FilterProductComponent.clickWomenBtn(FilterProductComponent.java:27)
	at com.solvd.carina.demo.AutomationWebTest.filterProductTest(AutomationWebTest.java:75)
	at java.base/jdk.internal.reflect.NativeMethodAccessorImpl.invoke0(Native Method)
	at java.base/jdk.internal.reflect.NativeMethodAccessorImpl.invoke(NativeMethodAccessorImpl.java:78)
	at java.base/jdk.internal.reflect.DelegatingMethodAccessorImpl.invoke(DelegatingMethodAccessorImpl.java:43)
	at java.base/java.lang.reflect.Method.invoke(Method.java:567)
	at org.testng.internal.invokers.MethodInvocationHelper.invokeMethod(MethodInvocationHelper.java:139)
	at org.testng.internal.invokers.TestInvoker.invokeMethod(TestInvoker.java:677)
	at org.testng.internal.invokers.TestInvoker.invokeTestMethod(TestInvoker.java:221)
	at org.testng.internal.invokers.MethodRunner.runInSequence(MethodRunner.java:50)
	at org.testng.internal.invokers.TestInvoker$MethodInvocationAgent.invoke(TestInvoker.java:969)
	at org.testng.internal.invokers.TestInvoker.invokeTestMethods(TestInvoker.java:194)
	at org.testng.internal.invokers.TestMethodWorker.invokeTestMethods(TestMethodWorker.java:148)
	at org.testng.internal.invokers.TestMethodWorker.run(TestMethodWorker.java:128)
	at java.base/java.util.concurrent.ThreadPoolExecutor.runWorker(ThreadPoolExecutor.java:1130)
	at java.base/java.util.concurrent.ThreadPoolExecutor$Worker.run(ThreadPoolExecutor.java:630)
	at java.base/java.lang.Thread.run(Thread.java:831)
]]></failure>
    <system-out><![CDATA[2025-04-01 19:22:21 DriverFactory [TestNG-test=TestAutomation web tests-1-29] [INFO] Starting driver session...
2025-04-01 19:22:22 DriverFactory [TestNG-test=TestAutomation web tests-1-29] [INFO] Driver session started.
2025-04-01 19:22:22 Messager [TestNG-test=TestAutomation web tests-1-29] [INFO] INFO: opening url 'https://www.automationexercise.com/'
2025-04-01 19:22:25 DriverListener [TestNG-test=TestAutomation web tests-1-29] [INFO] PASS: element 'acceptCookiesBtn' is clicked.
2025-04-01 19:22:25 TestRunRegistrar [TestNG-test=TestAutomation web tests-1-29] [WARN] Reporting disabled: using no op test run registrar
2025-04-01 19:22:25 Messager [TestNG-test=TestAutomation web tests-1-29] [INFO] TEST [TestAutomation web tests - filterProductTest] STARTED at [19:22:25 2025-04-01]
2025-04-01 19:22:27 Messager [TestNG-test=TestAutomation web tests-1-29] [ERROR] TEST [TestAutomation web tests - filterProductTest] FAILED at [19:22:27 2025-04-01] - element click intercepted: Element <a data-toggle="collapse" data-parent="#accordian" href="#Women">...</a> is not clickable at point (236, 669). Other element would receive the click: <div id="aswift_4_host" style="border: none !important; height: 90px !important; width: 100% !important; margin: 0px !important; padding: 0px !important; position: relative !important; visibility: visible !important; background-color: transparent !important; display: inline-block !important; inset: auto !important; clear: none !important; float: none !important; max-height: none !important; max-width: none !important; opacity: 1 !important; overflow: visible !important; vertical-align: baseline !important; z-index: auto !important;">...</div>
  (Session info: chrome=134.0.6998.178)
Build info: version: '4.7.0', revision: '0a5b49d16f'
System info: os.name: 'Windows 10', os.arch: 'amd64', os.version: '10.0', java.version: '16.0.2'
Driver info: org.openqa.selenium.remote.RemoteWebDriver
Command: [02433dd63322a968130aaf76d00b9814, clickElement {id=f.A1191E803ED7E3AAC8ED7CCA3E9D310F.d.5878C7AED5FEA847156B8BC901F5B32B.e.336}]
Capabilities {acceptInsecureCerts: true, browserName: chrome, browserVersion: 134.0.6998.178, chrome: {chromedriverVersion: 134.0.6998.88 (7e3d5c978c6d..., userDataDir: C:\Users\paula\AppData\Loca...}, fedcm:accounts: true, goog:chromeOptions: {debuggerAddress: localhost:60790}, networkConnectionEnabled: false, pageLoadStrategy: normal, platformName: Windows 10, proxy: Proxy(), se:bidiEnabled: false, se:cdp: ws://192.168.1.108:4444/ses..., se:cdpVersion: 134.0.6998.178, setWindowRect: true, strictFileInteractability: false, timeouts: {implicit: 0, pageLoad: 300000, script: 30000}, unhandledPromptBehavior: dismiss and notify, webauthn:extension:credBlob: true, webauthn:extension:largeBlob: true, webauthn:extension:minPinLength: true, webauthn:extension:prf: true, webauthn:virtualAuthenticators: true}
Element: [[[[RemoteWebDriver: chrome on Windows 10 (02433dd63322a968130aaf76d00b9814)] -> xpath: //div[@class='left-sidebar']]] -> xpath: .//a[@href='#Women']]
Session ID: 02433dd63322a968130aaf76d00b9814

java.base/jdk.internal.reflect.NativeConstructorAccessorImpl.newInstance0(Native Method)
java.base/jdk.internal.reflect.NativeConstructorAccessorImpl.newInstance(NativeConstructorAccessorImpl.java:78)
java.base/jdk.internal.reflect.DelegatingConstructorAccessorImpl.newInstance(DelegatingConstructorAccessorImpl.java:45)
java.base/java.lang.reflect.Constructor.newInstanceWithCaller(Constructor.java:499)
java.base/java.lang.reflect.Constructor.newInstance(Constructor.java:480)
org.openqa.selenium.remote.codec.w3c.W3CHttpResponseCodec.createException(W3CHttpResponseCodec.java:200)
org.openqa.selenium.remote.codec.w3c.W3CHttpResponseCodec.decode(W3CHttpResponseCodec.java:133)
org.openqa.selenium.remote.codec.w3c.W3CHttpResponseCodec.decode(W3CHttpResponseCodec.java:53)
org.openqa.selenium.remote.HttpCommandExecutor.execute(HttpCommandExecutor.java:184)
com.zebrunner.carina.webdriver.listener.EventFiringSeleniumCommandExecutor.execute(EventFiringSeleniumCommandExecutor.java:52)
org.openqa.selenium.remote.RemoteWebDriver.execute(RemoteWebDriver.java:541)
org.openqa.selenium.remote.RemoteWebElement.execute(RemoteWebElement.java:257)
org.openqa.selenium.remote.RemoteWebElement.click(RemoteWebElement.java:78)
java.base/jdk.internal.reflect.NativeMethodAccessorImpl.invoke0(Native Method)
java.base/jdk.internal.reflect.NativeMethodAccessorImpl.invoke(NativeMethodAccessorImpl.java:78)
java.base/jdk.internal.reflect.DelegatingMethodAccessorImpl.invoke(DelegatingMethodAccessorImpl.java:43)
java.base/java.lang.reflect.Method.invoke(Method.java:567)
org.openqa.selenium.support.decorators.WebDriverDecorator.call(WebDriverDecorator.java:247)
org.openqa.selenium.support.decorators.DefaultDecorated.call(DefaultDecorated.java:48)
org.openqa.selenium.support.decorators.WebDriverDecorator.lambda$createProxy$0(WebDriverDecorator.java:309)
net.bytebuddy.renamed.java.lang.Object$ByteBuddy$xg6NXC7j.click(Unknown Source)
java.base/jdk.internal.reflect.NativeMethodAccessorImpl.invoke0(Native Method)
java.base/jdk.internal.reflect.NativeMethodAccessorImpl.invoke(NativeMethodAccessorImpl.java:78)
java.base/jdk.internal.reflect.DelegatingMethodAccessorImpl.invoke(DelegatingMethodAccessorImpl.java:43)
java.base/java.lang.reflect.Method.invoke(Method.java:567)
org.openqa.selenium.support.pagefactory.internal.LocatingElementHandler.invoke(LocatingElementHandler.java:52)
jdk.proxy2/jdk.proxy2.$Proxy88.click(Unknown Source)
com.zebrunner.carina.webdriver.decorator.ExtendedWebElement$3.doClick(ExtendedWebElement.java:1537)
com.zebrunner.carina.webdriver.decorator.ExtendedWebElement.executeAction(ExtendedWebElement.java:1397)
com.zebrunner.carina.webdriver.decorator.ExtendedWebElement.overrideAction(ExtendedWebElement.java:1531)
com.zebrunner.carina.webdriver.decorator.ExtendedWebElement.doAction(ExtendedWebElement.java:1510)
com.zebrunner.carina.webdriver.decorator.ExtendedWebElement.doAction(ExtendedWebElement.java:1487)
com.zebrunner.carina.webdriver.decorator.ExtendedWebElement.click(ExtendedWebElement.java:416)
com.zebrunner.carina.webdriver.decorator.ExtendedWebElement.click(ExtendedWebElement.java:406)
com.zebrunner.carina.webdriver.decorator.ExtendedWebElement.click(ExtendedWebElement.java:397)
com.solvd.carina.demo.gui.components.automation.FilterProductComponent.clickWomenBtn(FilterProductComponent.java:27)
com.solvd.carina.demo.AutomationWebTest.filterProductTest(AutomationWebTest.java:75)
java.base/jdk.internal.reflect.NativeMethodAccessorImpl.invoke0(Native Method)
java.base/jdk.internal.reflect.NativeMethodAccessorImpl.invoke(NativeMethodAccessorImpl.java:78)
java.base/jdk.internal.reflect.DelegatingMethodAccessorImpl.invoke(DelegatingMethodAccessorImpl.java:43)
java.base/java.lang.reflect.Method.invoke(Method.java:567)
org.testng.internal.invokers.MethodInvocationHelper.invokeMethod(MethodInvocationHelper.java:139)
org.testng.internal.invokers.TestInvoker.invokeMethod(TestInvoker.java:677)
org.testng.internal.invokers.TestInvoker.invokeTestMethod(TestInvoker.java:221)
org.testng.internal.invokers.MethodRunner.runInSequence(MethodRunner.java:50)
org.testng.internal.invokers.TestInvoker$MethodInvocationAgent.invoke(TestInvoker.java:969)
org.testng.internal.invokers.TestInvoker.invokeTestMethods(TestInvoker.java:194)
org.testng.internal.invokers.TestMethodWorker.invokeTestMethods(TestMethodWorker.java:148)
org.testng.internal.invokers.TestMethodWorker.run(TestMethodWorker.java:128)
java.base/java.util.concurrent.ThreadPoolExecutor.runWorker(ThreadPoolExecutor.java:1130)
java.base/java.util.concurrent.ThreadPoolExecutor$Worker.run(ThreadPoolExecutor.java:630)
java.base/java.lang.Thread.run(Thread.java:831)
]]></system-out>
  </testcase>
  <testcase name="loginTest" classname="com.solvd.carina.demo.AutomationWebTest" time="4.636">
    <system-out><![CDATA[2025-04-01 19:22:27 DriverFactory [TestNG-test=TestAutomation web tests-1-29] [INFO] Starting driver session...
2025-04-01 19:22:28 DriverFactory [TestNG-test=TestAutomation web tests-1-29] [INFO] Driver session started.
2025-04-01 19:22:28 Messager [TestNG-test=TestAutomation web tests-1-29] [INFO] INFO: opening url 'https://www.automationexercise.com/'
2025-04-01 19:22:30 DriverListener [TestNG-test=TestAutomation web tests-1-29] [INFO] PASS: element 'acceptCookiesBtn' is clicked.
2025-04-01 19:22:31 TestRunRegistrar [TestNG-test=TestAutomation web tests-1-29] [WARN] Reporting disabled: using no op test run registrar
2025-04-01 19:22:31 Messager [TestNG-test=TestAutomation web tests-1-29] [INFO] TEST [TestAutomation web tests - loginTest] STARTED at [19:22:31 2025-04-01]
2025-04-01 19:22:32 DriverListener [TestNG-test=TestAutomation web tests-1-29] [INFO] PASS: element 'loginBtn' is clicked.
2025-04-01 19:22:33 DriverListener [TestNG-test=TestAutomation web tests-1-29] [INFO] PASS: keys 'emailemailemailemail@test.com' are sent to element 'loginEmailInput'.
2025-04-01 19:22:33 DriverListener [TestNG-test=TestAutomation web tests-1-29] [INFO] PASS: keys 'test123' are sent to element 'loginPasswordInput'.
2025-04-01 19:22:35 DriverListener [TestNG-test=TestAutomation web tests-1-29] [INFO] PASS: element 'loginBtn' is clicked.
2025-04-01 19:22:35 Messager [TestNG-test=TestAutomation web tests-1-29] [INFO] TEST [TestAutomation web tests - loginTest] PASSED at [19:22:35 2025-04-01]
]]></system-out>
  </testcase>
</testsuite>